c:\users\tal\documents\visual studio 2017\projects\physicsengine\physicsengine\x64\debug\physicsengine.pch
c:\users\tal\documents\visual studio 2017\projects\physicsengine\physicsengine\x64\debug\vc141.pdb
c:\users\tal\documents\visual studio 2017\projects\physicsengine\physicsengine\x64\debug\vc141.idb
c:\users\tal\documents\visual studio 2017\projects\physicsengine\physicsengine\x64\debug\pch.obj
c:\users\tal\documents\visual studio 2017\projects\physicsengine\physicsengine\x64\debug\world.obj
c:\users\tal\documents\visual studio 2017\projects\physicsengine\physicsengine\x64\debug\physics.obj
c:\users\tal\documents\visual studio 2017\projects\physicsengine\physicsengine\x64\debug\game.obj
c:\users\tal\documents\visual studio 2017\projects\physicsengine\physicsengine\x64\debug\geometrytools.obj
c:\users\tal\documents\visual studio 2017\projects\physicsengine\physicsengine\x64\debug\camera.obj
c:\users\tal\documents\visual studio 2017\projects\physicsengine\x64\debug\physicsengine.pdb
c:\users\tal\documents\visual studio 2017\projects\physicsengine\physicsengine\x64\debug\physicsengine.tlog\cl.command.1.tlog
c:\users\tal\documents\visual studio 2017\projects\physicsengine\physicsengine\x64\debug\physicsengine.tlog\cl.read.1.tlog
c:\users\tal\documents\visual studio 2017\projects\physicsengine\physicsengine\x64\debug\physicsengine.tlog\cl.write.1.tlog
c:\users\tal\documents\visual studio 2017\projects\physicsengine\physicsengine\x64\debug\physicsengine.tlog\link-cvtres.read.1.tlog
c:\users\tal\documents\visual studio 2017\projects\physicsengine\physicsengine\x64\debug\physicsengine.tlog\link-cvtres.write.1.tlog
c:\users\tal\documents\visual studio 2017\projects\physicsengine\physicsengine\x64\debug\physicsengine.tlog\link-rc.read.1.tlog
c:\users\tal\documents\visual studio 2017\projects\physicsengine\physicsengine\x64\debug\physicsengine.tlog\link-rc.write.1.tlog
c:\users\tal\documents\visual studio 2017\projects\physicsengine\physicsengine\x64\debug\physicsengine.tlog\link.command.1.tlog
c:\users\tal\documents\visual studio 2017\projects\physicsengine\physicsengine\x64\debug\physicsengine.tlog\link.read.1.tlog
c:\users\tal\documents\visual studio 2017\projects\physicsengine\physicsengine\x64\debug\physicsengine.tlog\link.write.1.tlog
